c:\users\1\desktop\flappy-dragon\flappy-dragon\x64\debug\vc143.pdb
c:\users\1\desktop\flappy-dragon\flappy-dragon\x64\debug\vc143.idb
c:\users\1\desktop\flappy-dragon\flappy-dragon\x64\debug\cplayerbird.obj
c:\users\1\desktop\flappy-dragon\flappy-dragon\x64\debug\cground.obj
c:\users\1\desktop\flappy-dragon\flappy-dragon\x64\debug\main.obj
c:\users\1\desktop\flappy-dragon\flappy-dragon\x64\debug\introvideo.obj
c:\users\1\desktop\flappy-dragon\flappy-dragon\x64\debug\frame.obj
c:\users\1\desktop\flappy-dragon\flappy-dragon\x64\debug\ccolumnbox.obj
c:\users\1\desktop\flappy-dragon\flappy-dragon\x64\debug\ccolumn.obj
c:\users\1\desktop\flappy-dragon\flappy-dragon\x64\debug\cbirdapp.obj
c:\users\1\desktop\flappy-dragon\flappy-dragon\x64\debug\beforegame.obj
c:\users\1\desktop\flappy-dragon\flappy-dragon\x64\debug\cbackground.obj
c:\users\1\desktop\flappy-dragon\flappy-dragon\x64\debug\caftergame.obj
c:\users\1\desktop\flappy-dragon\x64\debug\flappy-dragon.exe
c:\users\1\desktop\flappy-dragon\x64\debug\flappy-dragon.pdb
c:\users\1\desktop\flappy-dragon\flappy-dragon\x64\debug\flappy-dragon.ilk
c:\users\1\desktop\flappy-dragon\flappy-dragon\x64\debug\flappy-dragon.tlog\cl.command.1.tlog
c:\users\1\desktop\flappy-dragon\flappy-dragon\x64\debug\flappy-dragon.tlog\cl.items.tlog
c:\users\1\desktop\flappy-dragon\flappy-dragon\x64\debug\flappy-dragon.tlog\cl.read.1.tlog
c:\users\1\desktop\flappy-dragon\flappy-dragon\x64\debug\flappy-dragon.tlog\cl.write.1.tlog
c:\users\1\desktop\flappy-dragon\flappy-dragon\x64\debug\flappy-dragon.tlog\link.command.1.tlog
c:\users\1\desktop\flappy-dragon\flappy-dragon\x64\debug\flappy-dragon.tlog\link.read.1.tlog
c:\users\1\desktop\flappy-dragon\flappy-dragon\x64\debug\flappy-dragon.tlog\link.secondary.1.tlog
c:\users\1\desktop\flappy-dragon\flappy-dragon\x64\debug\flappy-dragon.tlog\link.write.1.tlog
